# JRE version: OpenJDK Runtime Environment (17.0.6) (build 17.0.6+0-b2043.56-9586694)
# Java VM: OpenJDK 64-Bit Server VM (17.0.6+0-b2043.56-9586694, mixed mode, tiered, compressed oops, compressed class ptrs, g1 gc, windows-amd64)
GC Precious Log:
 CPUs: 4 total, 4 available
 Memory: 3847M
 Large Page Support: Disabled
 NUMA Support: Disabled
 Compressed Oops: Enabled (32-bit)
 Heap Region Size: 1M
 Heap Min Capacity: 8M
 Heap Initial Capacity: 62M
 Heap Max Capacity: 2G
 Pre-touch: Disabled
 Parallel Workers: 4
 Concurrent Workers: 1
 Concurrent Refinement Workers: 4
 Periodic GC: Disabled
Heap:
 garbage-first heap   total 346112K, used 226570K [0x0000000080000000, 0x0000000100000000)
  region size 1024K, 121 young (123904K), 11 survivors (11264K)
 Metaspace       used 109798K, committed 110528K, reserved 1146880K
  class space    used 14473K, committed 14848K, reserved 1048576K
GC Heap History (20 events):
Event: 23.504 GC heap before
{Heap before GC invocations=43 (full 0):
 garbage-first heap   total 121856K, used 97558K [0x0000000080000000, 0x0000000100000000)
  region size 1024K, 35 young (35840K), 3 survivors (3072K)
 Metaspace       used 83992K, committed 84544K, reserved 1122304K
  class space    used 11299K, committed 11584K, reserved 1048576K
}
Event: 23.512 GC heap after
{Heap after GC invocations=44 (full 0):
 garbage-first heap   total 121856K, used 67066K [0x0000000080000000, 0x0000000100000000)
  region size 1024K, 5 young (5120K), 5 survivors (5120K)
 Metaspace       used 83992K, committed 84544K, reserved 1122304K
  class space    used 11299K, committed 11584K, reserved 1048576K
}
Event: 23.524 GC heap before
{Heap before GC invocations=44 (full 0):
 garbage-first heap   total 121856K, used 68090K [0x0000000080000000, 0x0000000100000000)
  region size 1024K, 6 young (6144K), 5 survivors (5120K)
 Metaspace       used 84160K, committed 84672K, reserved 1122304K
  class space    used 11328K, committed 11584K, reserved 1048576K
}
Event: 23.537 GC heap after
{Heap after GC invocations=45 (full 0):
 garbage-first heap   total 146432K, used 66817K [0x0000000080000000, 0x0000000100000000)
  region size 1024K, 1 young (1024K), 1 survivors (1024K)
 Metaspace       used 84160K, committed 84672K, reserved 1122304K
  class space    used 11328K, committed 11584K, reserved 1048576K
}
Event: 24.499 GC heap before
{Heap before GC invocations=45 (full 0):
 garbage-first heap   total 146432K, used 114945K [0x0000000080000000, 0x0000000100000000)
  region size 1024K, 48 young (49152K), 1 survivors (1024K)
 Metaspace       used 89248K, committed 89920K, reserved 1130496K
  class space    used 12054K, committed 12352K, reserved 1048576K
}
Event: 24.510 GC heap after
{Heap after GC invocations=46 (full 0):
 garbage-first heap   total 146432K, used 70469K [0x0000000080000000, 0x0000000100000000)
  region size 1024K, 4 young (4096K), 4 survivors (4096K)
 Metaspace       used 89248K, committed 89920K, reserved 1130496K
  class space    used 12054K, committed 12352K, reserved 1048576K
}
Event: 25.027 GC heap before
{Heap before GC invocations=47 (full 0):
 garbage-first heap   total 146432K, used 117573K [0x0000000080000000, 0x0000000100000000)
  region size 1024K, 50 young (51200K), 4 survivors (4096K)
 Metaspace       used 90121K, committed 90752K, reserved 1130496K
  class space    used 12126K, committed 12416K, reserved 1048576K
}
Event: 25.045 GC heap after
{Heap after GC invocations=48 (full 0):
 garbage-first heap   total 146432K, used 79301K [0x0000000080000000, 0x0000000100000000)
  region size 1024K, 7 young (7168K), 7 survivors (7168K)
 Metaspace       used 90121K, committed 90752K, reserved 1130496K
  class space    used 12126K, committed 12416K, reserved 1048576K
}
Event: 27.040 GC heap before
{Heap before GC invocations=48 (full 0):
 garbage-first heap   total 146432K, used 114117K [0x0000000080000000, 0x0000000100000000)
  region size 1024K, 42 young (43008K), 7 survivors (7168K)
 Metaspace       used 93422K, committed 94080K, reserved 1130496K
  class space    used 12632K, committed 12928K, reserved 1048576K
}
Event: 27.054 GC heap after
{Heap after GC invocations=49 (full 0):
 garbage-first heap   total 146432K, used 83829K [0x0000000080000000, 0x0000000100000000)
  region size 1024K, 4 young (4096K), 4 survivors (4096K)
 Metaspace       used 93422K, committed 94080K, reserved 1130496K
  class space    used 12632K, committed 12928K, reserved 1048576K
}
Event: 27.908 GC heap before
{Heap before GC invocations=50 (full 0):
 garbage-first heap   total 150528K, used 116597K [0x0000000080000000, 0x0000000100000000)
  region size 1024K, 37 young (37888K), 4 survivors (4096K)
 Metaspace       used 93648K, committed 94272K, reserved 1130496K
  class space    used 12635K, committed 12928K, reserved 1048576K
}
Event: 27.915 GC heap after
{Heap after GC invocations=51 (full 0):
 garbage-first heap   total 150528K, used 86268K [0x0000000080000000, 0x0000000100000000)
  region size 1024K, 3 young (3072K), 3 survivors (3072K)
 Metaspace       used 93648K, committed 94272K, reserved 1130496K
  class space    used 12635K, committed 12928K, reserved 1048576K
}
Event: 28.879 GC heap before
{Heap before GC invocations=51 (full 0):
 garbage-first heap   total 150528K, used 121084K [0x0000000080000000, 0x0000000100000000)
  region size 1024K, 38 young (38912K), 3 survivors (3072K)
 Metaspace       used 94369K, committed 95040K, reserved 1138688K
  class space    used 12727K, committed 12992K, reserved 1048576K
}
Event: 28.886 GC heap after
{Heap after GC invocations=52 (full 0):
 garbage-first heap   total 150528K, used 88508K [0x0000000080000000, 0x0000000100000000)
  region size 1024K, 5 young (5120K), 5 survivors (5120K)
 Metaspace       used 94369K, committed 95040K, reserved 1138688K
  class space    used 12727K, committed 12992K, reserved 1048576K
}
Event: 29.750 GC heap before
{Heap before GC invocations=53 (full 0):
 garbage-first heap   total 155648K, used 124348K [0x0000000080000000, 0x0000000100000000)
  region size 1024K, 39 young (39936K), 5 survivors (5120K)
 Metaspace       used 97034K, committed 97664K, reserved 1138688K
  class space    used 13068K, committed 13376K, reserved 1048576K
}
Event: 29.784 GC heap after
{Heap after GC invocations=54 (full 0):
 garbage-first heap   total 155648K, used 104206K [0x0000000080000000, 0x0000000100000000)
  region size 1024K, 5 young (5120K), 5 survivors (5120K)
 Metaspace       used 97034K, committed 97664K, reserved 1138688K
  class space    used 13068K, committed 13376K, reserved 1048576K
}
Event: 29.824 GC heap before
{Heap before GC invocations=54 (full 0):
 garbage-first heap   total 155648K, used 106254K [0x0000000080000000, 0x0000000100000000)
  region size 1024K, 7 young (7168K), 5 survivors (5120K)
 Metaspace       used 97069K, committed 97728K, reserved 1138688K
  class space    used 13071K, committed 13376K, reserved 1048576K
}
Event: 29.833 GC heap after
{Heap after GC invocations=55 (full 0):
 garbage-first heap   total 346112K, used 105927K [0x0000000080000000, 0x0000000100000000)
  region size 1024K, 1 young (1024K), 1 survivors (1024K)
 Metaspace       used 97069K, committed 97728K, reserved 1138688K
  class space    used 13071K, committed 13376K, reserved 1048576K
}
Event: 34.902 GC heap before
{Heap before GC invocations=55 (full 0):
 garbage-first heap   total 346112K, used 281031K [0x0000000080000000, 0x0000000100000000)
  region size 1024K, 156 young (159744K), 1 survivors (1024K)
 Metaspace       used 100742K, committed 101440K, reserved 1138688K
  class space    used 13436K, committed 13760K, reserved 1048576K
}
Event: 34.922 GC heap after
{Heap after GC invocations=56 (full 0):
 garbage-first heap   total 346112K, used 115978K [0x0000000080000000, 0x0000000100000000)
  region size 1024K, 11 young (11264K), 11 survivors (11264K)
 Metaspace       used 100742K, committed 101440K, reserved 1138688K
  class space    used 13436K, committed 13760K, reserved 1048576K
}

